0 info it worked if it ends with ok
1 verbose cli [ '/Users/spock/.nvm/versions/node/v7.5.0/bin/node',
1 verbose cli   '/Users/spock/.nvm/versions/node/v7.5.0/bin/npm',
1 verbose cli   'install',
1 verbose cli   'pyaudio' ]
2 info using npm@4.1.2
3 info using node@v7.5.0
4 verbose config Skipping project config: /Users/spock/.npmrc. (matches userconfig)
5 silly loadCurrentTree Starting
6 silly install loadCurrentTree
7 silly install readLocalPackageData
8 silly fetchPackageMetaData pyaudio
9 silly fetchNamedPackageData pyaudio
10 silly mapToRegistry name pyaudio
11 silly mapToRegistry using default registry
12 silly mapToRegistry registry https://registry.npmjs.org/
13 silly mapToRegistry data Result {
13 silly mapToRegistry   raw: 'pyaudio',
13 silly mapToRegistry   scope: null,
13 silly mapToRegistry   escapedName: 'pyaudio',
13 silly mapToRegistry   name: 'pyaudio',
13 silly mapToRegistry   rawSpec: '',
13 silly mapToRegistry   spec: 'latest',
13 silly mapToRegistry   type: 'tag' }
14 silly mapToRegistry uri https://registry.npmjs.org/pyaudio
15 verbose request uri https://registry.npmjs.org/pyaudio
16 verbose request no auth needed
17 info attempt registry request try #1 at 3:24:05 PM
18 verbose request id 168cfea557a780b4
19 http request GET https://registry.npmjs.org/pyaudio
20 http 404 https://registry.npmjs.org/pyaudio
21 verbose headers { 'content-type': 'application/json',
21 verbose headers   'cache-control': 'max-age=0',
21 verbose headers   'content-length': '2',
21 verbose headers   'accept-ranges': 'bytes',
21 verbose headers   date: 'Wed, 08 Nov 2017 22:24:05 GMT',
21 verbose headers   via: '1.1 varnish',
21 verbose headers   age: '0',
21 verbose headers   connection: 'keep-alive',
21 verbose headers   'x-served-by': 'cache-dfw18642-DFW',
21 verbose headers   'x-cache': 'MISS',
21 verbose headers   'x-cache-hits': '0',
21 verbose headers   'x-timer': 'S1510179846.682379,VS0,VE297',
21 verbose headers   vary: 'Accept-Encoding' }
22 silly get cb [ 404,
22 silly get   { 'content-type': 'application/json',
22 silly get     'cache-control': 'max-age=0',
22 silly get     'content-length': '2',
22 silly get     'accept-ranges': 'bytes',
22 silly get     date: 'Wed, 08 Nov 2017 22:24:05 GMT',
22 silly get     via: '1.1 varnish',
22 silly get     age: '0',
22 silly get     connection: 'keep-alive',
22 silly get     'x-served-by': 'cache-dfw18642-DFW',
22 silly get     'x-cache': 'MISS',
22 silly get     'x-cache-hits': '0',
22 silly get     'x-timer': 'S1510179846.682379,VS0,VE297',
22 silly get     vary: 'Accept-Encoding' } ]
23 silly fetchPackageMetaData Error: Registry returned 404 for GET on https://registry.npmjs.org/pyaudio
23 silly fetchPackageMetaData     at makeError (/Users/spock/.nvm/versions/node/v7.5.0/lib/node_modules/npm/node_modules/npm-registry-client/lib/request.js:304:12)
23 silly fetchPackageMetaData     at CachingRegistryClient.<anonymous> (/Users/spock/.nvm/versions/node/v7.5.0/lib/node_modules/npm/node_modules/npm-registry-client/lib/request.js:282:14)
23 silly fetchPackageMetaData     at Request._callback (/Users/spock/.nvm/versions/node/v7.5.0/lib/node_modules/npm/node_modules/npm-registry-client/lib/request.js:212:14)
23 silly fetchPackageMetaData     at Request.self.callback (/Users/spock/.nvm/versions/node/v7.5.0/lib/node_modules/npm/node_modules/request/request.js:186:22)
23 silly fetchPackageMetaData     at emitTwo (events.js:106:13)
23 silly fetchPackageMetaData     at Request.emit (events.js:192:7)
23 silly fetchPackageMetaData     at Request.<anonymous> (/Users/spock/.nvm/versions/node/v7.5.0/lib/node_modules/npm/node_modules/request/request.js:1081:10)
23 silly fetchPackageMetaData     at emitOne (events.js:96:13)
23 silly fetchPackageMetaData     at Request.emit (events.js:189:7)
23 silly fetchPackageMetaData     at IncomingMessage.<anonymous> (/Users/spock/.nvm/versions/node/v7.5.0/lib/node_modules/npm/node_modules/request/request.js:1001:12)
23 silly fetchPackageMetaData  error for pyaudio { Error: Registry returned 404 for GET on https://registry.npmjs.org/pyaudio
23 silly fetchPackageMetaData     at makeError (/Users/spock/.nvm/versions/node/v7.5.0/lib/node_modules/npm/node_modules/npm-registry-client/lib/request.js:304:12)
23 silly fetchPackageMetaData     at CachingRegistryClient.<anonymous> (/Users/spock/.nvm/versions/node/v7.5.0/lib/node_modules/npm/node_modules/npm-registry-client/lib/request.js:282:14)
23 silly fetchPackageMetaData     at Request._callback (/Users/spock/.nvm/versions/node/v7.5.0/lib/node_modules/npm/node_modules/npm-registry-client/lib/request.js:212:14)
23 silly fetchPackageMetaData     at Request.self.callback (/Users/spock/.nvm/versions/node/v7.5.0/lib/node_modules/npm/node_modules/request/request.js:186:22)
23 silly fetchPackageMetaData     at emitTwo (events.js:106:13)
23 silly fetchPackageMetaData     at Request.emit (events.js:192:7)
23 silly fetchPackageMetaData     at Request.<anonymous> (/Users/spock/.nvm/versions/node/v7.5.0/lib/node_modules/npm/node_modules/request/request.js:1081:10)
23 silly fetchPackageMetaData     at emitOne (events.js:96:13)
23 silly fetchPackageMetaData     at Request.emit (events.js:189:7)
23 silly fetchPackageMetaData     at IncomingMessage.<anonymous> (/Users/spock/.nvm/versions/node/v7.5.0/lib/node_modules/npm/node_modules/request/request.js:1001:12) pkgid: 'pyaudio', statusCode: 404, code: 'E404' }
24 silly rollbackFailedOptional Starting
25 silly rollbackFailedOptional Finishing
26 silly runTopLevelLifecycles Finishing
27 silly install printInstalled
28 verbose stack Error: Registry returned 404 for GET on https://registry.npmjs.org/pyaudio
28 verbose stack     at makeError (/Users/spock/.nvm/versions/node/v7.5.0/lib/node_modules/npm/node_modules/npm-registry-client/lib/request.js:304:12)
28 verbose stack     at CachingRegistryClient.<anonymous> (/Users/spock/.nvm/versions/node/v7.5.0/lib/node_modules/npm/node_modules/npm-registry-client/lib/request.js:282:14)
28 verbose stack     at Request._callback (/Users/spock/.nvm/versions/node/v7.5.0/lib/node_modules/npm/node_modules/npm-registry-client/lib/request.js:212:14)
28 verbose stack     at Request.self.callback (/Users/spock/.nvm/versions/node/v7.5.0/lib/node_modules/npm/node_modules/request/request.js:186:22)
28 verbose stack     at emitTwo (events.js:106:13)
28 verbose stack     at Request.emit (events.js:192:7)
28 verbose stack     at Request.<anonymous> (/Users/spock/.nvm/versions/node/v7.5.0/lib/node_modules/npm/node_modules/request/request.js:1081:10)
28 verbose stack     at emitOne (events.js:96:13)
28 verbose stack     at Request.emit (events.js:189:7)
28 verbose stack     at IncomingMessage.<anonymous> (/Users/spock/.nvm/versions/node/v7.5.0/lib/node_modules/npm/node_modules/request/request.js:1001:12)
29 verbose statusCode 404
30 verbose pkgid pyaudio
31 verbose cwd /Users/spock/Documents/projects/audioReactiveLedStrip/python
32 error Darwin 16.7.0
33 error argv "/Users/spock/.nvm/versions/node/v7.5.0/bin/node" "/Users/spock/.nvm/versions/node/v7.5.0/bin/npm" "install" "pyaudio"
34 error node v7.5.0
35 error npm  v4.1.2
36 error code E404
37 error 404 Registry returned 404 for GET on https://registry.npmjs.org/pyaudio
38 error 404
39 error 404 'pyaudio' is not in the npm registry.
40 error 404 You should bug the author to publish it (or use the name yourself!)
41 error 404 Note that you can also install from a
42 error 404 tarball, folder, http url, or git url.
43 verbose exit [ 1, true ]
